TN:
SF:src/get-initial-filter.ts
FN:4,getInitialFilter
FNF:1
FNH:1
FNDA:3,getInitialFilter
DA:1,1
DA:2,1
DA:4,1
DA:5,3
DA:6,3
DA:7,3
DA:10,0
DA:11,0
DA:13,0
DA:14,0
LF:10
LH:6
BRDA:6,0,0,3
BRDA:10,1,0,0
BRDA:10,1,1,0
BRF:3
BRH:1
end_of_record
TN:
SF:src/types.ts
FN:3,isFilter
FNF:1
FNH:1
FNDA:1,isFilter
DA:3,1
DA:4,1
LF:2
LH:2
BRDA:4,0,0,1
BRDA:4,0,1,1
BRDA:4,0,2,1
BRF:3
BRH:3
end_of_record
TN:
SF:src/components/filter-switch.tsx
FN:6,FilterSwitch
FN:11,(anonymous_1)
FNF:2
FNH:2
FNDA:3,FilterSwitch
FNDA:1,(anonymous_1)
DA:1,1
DA:2,1
DA:3,1
DA:4,1
DA:6,1
DA:11,3
DA:12,1
DA:13,1
DA:14,1
DA:16,0
DA:20,3
LF:11
LH:10
BRDA:12,0,0,1
BRDA:12,0,1,0
BRF:2
BRH:1
end_of_record
TN:
SF:src/components/todo-form.tsx
FN:7,TodoForm
FN:9,(anonymous_1)
FN:14,(anonymous_2)
FNF:3
FNH:3
FNDA:3,TodoForm
FNDA:1,(anonymous_1)
FNDA:2,(anonymous_2)
DA:1,1
DA:2,1
DA:3,1
DA:4,1
DA:5,1
DA:7,1
DA:8,3
DA:9,3
DA:10,1
DA:11,1
DA:14,3
DA:15,2
DA:16,2
DA:17,2
DA:18,1
DA:19,1
DA:20,1
DA:24,3
LF:18
LH:18
BRDA:17,0,0,1
BRDA:17,1,0,2
BRDA:17,1,1,1
BRDA:20,2,0,0
BRDA:20,2,1,1
BRDA:20,3,0,1
BRDA:20,3,1,1
BRDA:28,4,0,3
BRDA:28,4,1,3
BRF:9
BRH:8
end_of_record
TN:
SF:src/components/todo-list.tsx
FN:5,Placeholder
FN:16,TodoList
FN:23,(anonymous_2)
FN:23,(anonymous_3)
FN:31,(anonymous_4)
FNF:5
FNH:5
FNDA:1,Placeholder
FNDA:3,TodoList
FNDA:4,(anonymous_2)
FNDA:1,(anonymous_3)
FNDA:4,(anonymous_4)
DA:1,1
DA:3,1
DA:6,1
DA:16,1
DA:23,4
DA:24,1
DA:27,3
DA:32,4
LF:8
LH:8
BRDA:29,0,0,2
BRDA:29,0,1,1
BRDA:45,1,0,2
BRDA:45,1,1,2
BRF:4
BRH:4
end_of_record
TN:
SF:src/components/ui/button.tsx
FN:44,(anonymous_7)
FNF:1
FNH:1
FNDA:3,(anonymous_7)
DA:1,1
DA:2,1
DA:3,1
DA:5,1
DA:7,1
DA:43,1
DA:44,3
DA:45,3
DA:46,3
DA:55,1
DA:57,1
LF:11
LH:11
BRDA:44,0,0,3
BRDA:45,1,0,0
BRDA:45,1,1,3
BRF:3
BRH:2
end_of_record
TN:
SF:src/components/ui/checkbox.tsx
FN:10,(anonymous_7)
FNF:1
FNH:1
FNDA:4,(anonymous_7)
DA:1,1
DA:2,1
DA:3,1
DA:5,1
DA:7,1
DA:10,4
DA:26,1
DA:28,1
LF:8
LH:8
BRF:0
BRH:0
end_of_record
TN:
SF:src/components/ui/input.tsx
FN:6,(anonymous_7)
FNF:1
FNH:1
FNDA:3,(anonymous_7)
DA:1,1
DA:3,1
DA:5,1
DA:6,3
DA:7,3
DA:20,1
DA:22,1
LF:7
LH:7
BRF:0
BRH:0
end_of_record
TN:
SF:src/components/ui/toggle-group.tsx
FN:19,(anonymous_7)
FN:37,(anonymous_8)
FNF:2
FNH:2
FNDA:3,(anonymous_7)
FNDA:9,(anonymous_8)
DA:1,1
DA:2,1
DA:5,1
DA:6,1
DA:8,1
DA:15,1
DA:19,3
DA:31,1
DA:33,1
DA:37,9
DA:38,9
DA:40,9
DA:57,1
DA:59,1
LF:14
LH:14
BRDA:45,0,0,9
BRDA:45,0,1,9
BRDA:46,1,0,9
BRDA:46,1,1,9
BRF:4
BRH:4
end_of_record
TN:
SF:src/components/ui/toggle.tsx
FN:35,(anonymous_7)
FNF:1
FNH:0
FNDA:0,(anonymous_7)
DA:3,1
DA:4,1
DA:5,1
DA:7,1
DA:9,1
DA:31,1
DA:35,0
DA:43,1
DA:45,1
LF:9
LH:8
BRF:0
BRH:0
end_of_record
TN:
SF:src/lib/url.ts
FN:1,updateURL
FN:11,getFromSearchParams
FNF:2
FNH:2
FNDA:6,updateURL
FNDA:12,getFromSearchParams
DA:1,3
DA:2,6
DA:3,6
DA:4,4
DA:6,2
DA:8,6
DA:11,3
DA:12,12
DA:13,12
LF:9
LH:9
BRDA:3,0,0,4
BRDA:3,0,1,2
BRF:2
BRH:2
end_of_record
TN:
SF:src/lib/utils.ts
FN:4,cn
FNF:1
FNH:1
FNDA:26,cn
DA:1,3
DA:2,3
DA:4,3
DA:5,26
LF:4
LH:4
BRF:0
BRH:0
end_of_record
